3:33:12 PM WP-GC1Q75K: No Errors To Report
3:33:31 PM WP-GC1PPZC: No Errors To Report
3:33:55 PM WP-GC1HZ6T: No Errors To Report
3:34:27 PM WP-GCV8ZG: No Errors To Report
3:34:46 PM WP-GC1QBM3: No Errors To Report
3:35:08 PM WP-GC16Q74: No Errors To Report
3:36:05 PM WP-GC1PPZH: No Errors To Report
3:36:49 PM WP-GC1Q73D: No Errors To Report
3:37:14 PM WP-GC1PH6M: No Errors To Report
3:37:33 PM WP-GC1PPZE: No Errors To Report
3:38:24 PM WP-GC1RW1A: No Errors To Report
3:39:03 PM WP-GC1PH6Y: No Errors To Report
3:40:07 PM WP-GC1Q6D6: No Errors To Report
3:40:37 PM WP-GC1Q73R: No Errors To Report
3:41:11 PM WP-GCJP22: No Errors To Report
3:42:02 PM WP-GC15X9C: No Errors To Report
3:42:40 PM WP-GC16Q6E: No Errors To Report
3:43:02 PM WP-GC16Q6W: No Errors To Report
3:43:28 PM WP-GC15X95: No Errors To Report
3:43:55 PM WP-GC16QY0: No Errors To Report
3:44:31 PM WP-GC16QXX: No Errors To Report
3:45:20 PM WP-GC13TR4: No Errors To Report
3:45:43 PM WP-GC1Q62J: No Errors To Report
3:46:09 PM WP-GC1N43D: No Errors To Report
3:46:45 PM WP-GCGKQ2: No Errors To Report
3:47:13 PM WP-GCZH8N: No Errors To Report
3:47:54 PM WP-GC1QBMD: No Errors To Report
3:48:32 PM WP-GC1Q0Z5: No Errors To Report
3:49:01 PM WP-GC1PHB7: No Errors To Report
3:49:25 PM WP-GC1W5X5: No Errors To Report
7:39:56 PM WP-GC1414F: No Errors To Report
7:40:12 PM WP-GCRWME: No Errors To Report
7:40:26 PM WP-GC12Z8R: No Errors To Report
7:40:41 PM WP-GC1530C: No Errors To Report
7:40:53 PM WP-GCX5MH: No Errors To Report
7:41:19 PM WP-GC125KR: No Errors To Report
7:41:32 PM WP-GC125P0: No Errors To Report
7:41:47 PM WP-GC173YZ: No Errors To Report
7:41:59 PM WP-GCX9EF: No Errors To Report
7:42:11 PM WP-GC196F: No Errors To Report
7:42:36 PM WP-GC1AZK3: No Errors To Report
7:42:50 PM WP-GC17VR9: No Errors To Report
7:43:01 PM WP-GCPHB8: No Errors To Report
7:43:13 PM WP-GCN0JK: No Errors To Report
7:43:25 PM WP-GCCF26: No Errors To Report
7:43:53 PM WP-GCNPPQ: No Errors To Report
7:48:57 PM WP-GC1X2H0: No Errors To Report
5:42:35 PM WP-GC1XC7V: No Errors To Report
4:12:42 PM WP-GC1XEMG: No Errors To Report
6:51:48 PM WP-GC1XETG: No Errors To Report
6:52:02 PM WP-GC1XEVT: No Errors To Report
4:56:13 PM WP-GC1XFQV: No Errors To Report
9:09:47 PM WP-GC1XGW6: No Errors To Report
9:09:58 PM WP-GC1XGW9: No Errors To Report
9:10:10 PM WP-GC1XGYN: No Errors To Report
9:10:21 PM WP-GC1XGVZ: No Errors To Report
9:10:34 PM WP-GC1XGWJ: No Errors To Report
7:18:05 PM WP-GC1XGW4: No Errors To Report
10:42:03 PM WP-GC1XJ54: No Errors To Report
10:42:17 PM WP-GC1XJ61: No Errors To Report
10:42:30 PM WP-GC1XJ65: No Errors To Report
10:42:44 PM WP-GC1XJ68: No Errors To Report
9:54:50 PM WP-GCQ2H1: No Errors To Report
9:55:03 PM WP-GC1XJ61: No Errors To Report
9:55:18 PM WP-GC1XJ65: No Errors To Report
9:55:32 PM WP-GC1W6BN: No Errors To Report
9:55:43 PM WP-GC1PJW8: No Errors To Report
10:09:34 PM WP-GC1XGW9: No Errors To Report
10:09:48 PM WP-GC1XGXV: No Errors To Report
10:10:01 PM WP-GC1XJ60: No Errors To Report
10:10:17 PM WP-GC1XKA7: No Errors To Report
10:10:29 PM WP-GC1XKB9: No Errors To Report
10:10:56 PM WP-GC1XKB4: No Errors To Report
10:11:10 PM WP-GC1XKAQ: No Errors To Report
10:11:23 PM WP-GC1XKKE: No Errors To Report
10:28:58 PM WP-GC1XKN4: No Errors To Report
10:29:10 PM WP-GC1XKNF: No Errors To Report
10:29:35 PM WP-GC1XKNV: No Errors To Report
10:30:11 PM WP-GC1XKP2: No Errors To Report
5:33:45 PM WP-GC110Z2: No Errors To Report
5:34:02 PM WP-GCGCGB: No Errors To Report
5:34:17 PM WP-GCKJ14: No Errors To Report
5:34:32 PM WP-GC116WR: No Errors To Report
5:34:59 PM WP-GC11702: No Errors To Report
5:35:14 PM WP-GC116WW: No Errors To Report
5:35:29 PM WP-GC11708: No Errors To Report
5:35:44 PM WP-GC11704: No Errors To Report
5:35:56 PM WP-GC11717: No Errors To Report
5:36:24 PM WP-GC11703: No Errors To Report
5:36:42 PM WP-GC1164N: No Errors To Report
5:36:57 PM WP-GC115VM: No Errors To Report
5:37:09 PM WP-GC1164Y: No Errors To Report
5:37:35 PM WP-GC1164C: No Errors To Report
9:00:54 PM WP-GC1XN2H: No Errors To Report
9:01:05 PM WP-GC1XN2X: No Errors To Report
5:07:01 PM WP-GC1W2YF: No Errors To Report
5:07:16 PM WP-GC1XGYN: No Errors To Report
5:07:30 PM WP-GC1W9V0: No Errors To Report
5:07:43 PM WP-GC1XKP2: No Errors To Report
5:08:05 PM WP-GC1XKNV: No Errors To Report
5:08:28 PM WP-GC1XKN4: No Errors To Report
5:08:50 PM WP-GC1XJ68: No Errors To Report
4:16:33 PM WP-GC1XJ54: No Errors To Report
4:34:24 PM WP-GC1XR9V: No Errors To Report
9:11:29 PM WP-GC1XRX7: No Errors To Report
8:20:50 PM WP-GC11TGX: No Errors To Report
8:21:02 PM WP-GC1R59J: No Errors To Report
8:21:14 PM WP-GC67D8: No Errors To Report
8:21:25 PM WP-GC1TVY3: No Errors To Report
8:21:44 PM WP-GC1TX82: No Errors To Report
8:21:57 PM WP-GC1TVPE: No Errors To Report
8:22:09 PM WP-GC1TVXG: No Errors To Report
8:22:20 PM WP-GC1TVYE: No Errors To Report
8:22:33 PM WP-GC1TVYA: No Errors To Report
8:23:01 PM WP-GC1TW01: No Errors To Report
8:23:14 PM WP-GC1TVRD: No Errors To Report
8:23:27 PM WP-GC1TVR6: No Errors To Report
8:23:40 PM WP-GC1TVYK: No Errors To Report
8:23:52 PM WP-GC1TVZY: No Errors To Report
8:24:18 PM WP-GC1TVYP: No Errors To Report
8:24:30 PM WP-GC1TW08: No Errors To Report
8:24:42 PM WP-GC1V2B7: No Errors To Report
8:24:52 PM WP-GC1VPBF: No Errors To Report
8:25:04 PM WP-GC1VP0Y: No Errors To Report
8:25:40 PM WP-GC1W7NA: No Errors To Report
8:26:03 PM WP-GC1WB44: No Errors To Report
8:26:25 PM WP-GC1W7M6: No Errors To Report
8:27:01 PM WP-GC1WB4H: No Errors To Report
8:27:25 PM WP-GC1WKBY: No Errors To Report
8:27:47 PM WP-GC1WTG5: No Errors To Report
8:28:24 PM WP-GC1WNDJ: No Errors To Report
8:28:46 PM WP-GC1WV34: No Errors To Report
8:29:10 PM WP-GC1WVX8: No Errors To Report
8:29:46 PM WP-GC1WYZK: No Errors To Report
8:30:09 PM WP-GC1X0GC: No Errors To Report
8:30:31 PM WP-GC1WWZR: No Errors To Report
8:31:10 PM WP-GC1WZ15: No Errors To Report
8:31:35 PM WP-GC1WYCK: No Errors To Report
8:31:57 PM WP-GC1WYA3: No Errors To Report
8:32:34 PM WP-GC1WVP8: No Errors To Report
8:32:59 PM WP-GC1WY85: No Errors To Report
8:33:22 PM WP-GC1WW26: No Errors To Report
8:33:59 PM WP-GC1X0K9: No Errors To Report
8:34:24 PM WP-GC1X0C6: No Errors To Report
8:34:47 PM WP-GC1WW02: No Errors To Report
8:35:25 PM WP-GC1X17G: No Errors To Report
8:35:48 PM WP-GC1X16E: No Errors To Report
8:36:10 PM WP-GC1X143: No Errors To Report
8:36:47 PM WP-GC1XAY5: No Errors To Report
8:37:10 PM WP-GC1XBFH: No Errors To Report
8:37:32 PM WP-GC1X18X: No Errors To Report
8:38:09 PM WP-GC1WV35: No Errors To Report
8:38:31 PM WP-GC1WWAZ: No Errors To Report
9:45:28 PM WP-GC1T4HT: No Errors To Report
9:46:01 PM WP-GC1XTHM: No Errors To Report
9:46:33 PM WP-GC1XTHP: No Errors To Report
9:47:05 PM WP-GC1XVQ7: No Errors To Report
9:47:39 PM WP-GC1XVWA: No Errors To Report
11:46:36 PM WP-GC1XW77: No Errors To Report
11:46:49 PM WP-GC1XW7E: No Errors To Report
11:47:04 PM WP-GC1XWH8: No Errors To Report
9:49:42 AM WP-GC1XX3Y: No Errors To Report
4:10:06 PM WP-GC1XTHP: No Errors To Report
4:10:18 PM WP-GC1XVWA: No Errors To Report
4:10:29 PM WP-GC1XRX7: No Errors To Report
4:10:40 PM WP-GC1XR9V: No Errors To Report
4:10:52 PM WP-GC1W369: No Errors To Report
4:11:05 PM WP-GC1XTHM: No Errors To Report
4:11:17 PM WP-GC1XW7E: No Errors To Report
4:11:30 PM WP-GC1XW77: No Errors To Report
4:11:42 PM WP-GC1XKNF: No Errors To Report
4:11:53 PM WP-GC1PW6B: No Errors To Report
4:12:05 PM WP-GC1KVVB: No Errors To Report
4:12:17 PM WP-GC1KHKT: No Errors To Report
7:31:07 PM WP-GC1XYF8: No Errors To Report
7:31:19 PM WP-GC1XZX5: No Errors To Report
7:31:31 PM WP-GC1Y09M: No Errors To Report
9:00:19 PM WP-GC1Y0BX: No Errors To Report
9:25:48 PM WP-GC1Y1CN: No Errors To Report
5:11:55 PM WP-GC11W0N: No Errors To Report
5:12:06 PM WP-GC1W8VY: No Errors To Report
5:12:18 PM WP-GC19607: No Errors To Report
5:12:29 PM WP-GC1F4W6: No Errors To Report
5:12:40 PM WP-GC1R30B: No Errors To Report
5:12:51 PM WP-GC1G0AA: No Errors To Report
5:13:03 PM WP-GC1MEC5: No Errors To Report
5:13:14 PM WP-GC1Q2A1: No Errors To Report
5:13:26 PM WP-GC1G0AZ: No Errors To Report
5:13:41 PM WP-GC1MECQ: No Errors To Report
5:13:55 PM WP-GC1W4CQ: No Errors To Report
8:09:41 PM WP-GC1XZZZ: No Errors To Report
8:09:54 PM WP-GC1Y3Z9: No Errors To Report
8:10:07 PM WP-GC1Y5CD: No Errors To Report
12:13:13 AM WP-GC1Y721: No Errors To Report
12:13:28 AM WP-GC1NJXZ: No Errors To Report
12:13:43 AM WP-GC1W52D: No Errors To Report
12:13:58 AM WP-GC59ED: No Errors To Report
12:14:10 AM WP-GC1X26A: No Errors To Report
12:14:38 AM WP-GC1Y587: No Errors To Report
8:05:34 AM WP-GCV60P: No Errors To Report
8:05:48 AM WP-GC16PPN: No Errors To Report
8:06:02 AM WP-GC1AFWF: No Errors To Report
8:06:15 AM WP-GC1E59K: No Errors To Report
8:06:28 AM WP-GC1X4VW: No Errors To Report
1:44:58 PM WP-GC1Y09M: No Errors To Report
1:46:12 PM WP-GC1XYF8: No Errors To Report
1:47:04 PM WP-GC1XZX5: No Errors To Report
6:50:44 PM WP-GC1NP2K: No Errors To Report
6:50:58 PM WP-GC1YAJG: No Errors To Report
6:51:13 PM WP-GC1YC75: No Errors To Report
6:51:29 PM WP-GC1YC7E: No Errors To Report
4:18:06 PM WP-GC1YCC9: No Errors To Report
4:18:19 PM WP-GC1YC9Q: No Errors To Report
5:33:35 PM WP-GC1YDMX: No Errors To Report
5:33:48 PM WP-GC1YDWQ: No Errors To Report
5:34:03 PM WP-GC1YB8M: No Errors To Report
5:34:18 PM WP-GC1YC6N: No Errors To Report
5:34:31 PM WP-GC1YC9Q: GPX Was Not Recived - No Other Information available
5:35:00 PM WP-GC1YDR2: No Errors To Report
5:35:14 PM WP-GC1YF63: No Errors To Report
5:37:12 PM WP-GC1YDMX: No Errors To Report
5:37:27 PM WP-GC1YDWQ: No Errors To Report
5:37:42 PM WP-GC1YB8M: No Errors To Report
5:37:58 PM WP-GC1YC6N: No Errors To Report
5:38:26 PM WP-GC1YC9Q: GPX Was Not Recived - No Other Information available
5:38:39 PM WP-GC1YF63: No Errors To Report
5:38:52 PM WP-GC1YDR2: No Errors To Report
9:19:31 PM WP-GC1VQ0Y: No Errors To Report
6:33:56 PM WP-GC1YCC9: No Errors To Report
6:34:10 PM WP-GC1YDMX: No Errors To Report
6:34:25 PM WP-GC1XX3Y: No Errors To Report
6:34:39 PM WP-GC1FRQ5: No Errors To Report
6:34:52 PM WP-GC18B2G: No Errors To Report
6:35:20 PM WP-GC1Q2AQ: No Errors To Report
6:35:35 PM WP-GC1XGW9: No Errors To Report
6:35:49 PM WP-GC1XGVZ: No Errors To Report
6:36:01 PM WP-GC1XGWJ: No Errors To Report
6:36:13 PM WP-GC1XKAQ: No Errors To Report
6:36:39 PM WP-GC1XGW6: No Errors To Report
6:36:52 PM WP-GCGZ2N: No Errors To Report
6:37:04 PM WP-GC1WFW9: No Errors To Report
6:37:21 PM WP-GC178XM: No Errors To Report
6:37:33 PM WP-GC1XKA7: No Errors To Report
6:38:00 PM WP-GCQPAQ: No Errors To Report
6:38:12 PM WP-GC1XKB9: No Errors To Report
6:38:24 PM WP-GC1XKB4: No Errors To Report
6:38:37 PM WP-GC1YC6N: No Errors To Report
6:38:50 PM WP-GC1YC75: No Errors To Report
6:39:27 PM WP-GC1XKKE: No Errors To Report
6:39:51 PM WP-GC1YC7E: No Errors To Report
6:40:13 PM WP-GC1XEMG: No Errors To Report
6:40:49 PM WP-GC1YF63: No Errors To Report
2:32:15 PM WP-GC1YG89: No Errors To Report
8:48:15 PM WP-GCKH1R: No Errors To Report
8:48:26 PM WP-GCD197: No Errors To Report
8:48:37 PM WP-GCZBJ4: No Errors To Report
8:48:49 PM WP-GCZ6HW: No Errors To Report
8:49:00 PM WP-GC1V7ZJ: No Errors To Report
8:49:12 PM WP-GCYAV9: No Errors To Report
8:49:26 PM WP-GCYAVJ: No Errors To Report
8:49:38 PM WP-GC1V7ZD: No Errors To Report
8:49:49 PM WP-GC1V7ZG: No Errors To Report
8:50:01 PM WP-GC10XPJ: No Errors To Report
8:50:14 PM WP-GC1VZKN: No Errors To Report
8:50:26 PM WP-GC1CA9V: No Errors To Report
8:50:39 PM WP-GCHRNE: No Errors To Report
8:50:51 PM WP-GCK9TC: No Errors To Report
8:51:05 PM WP-GCYJRW: No Errors To Report
8:51:18 PM WP-GC12057: No Errors To Report
8:51:31 PM WP-GCHFFM: No Errors To Report
8:51:44 PM WP-GCJF75: No Errors To Report
8:51:57 PM WP-GCHFFW: No Errors To Report
8:52:10 PM WP-GC7ED: No Errors To Report
8:52:34 PM WP-GCKJ7H: No Errors To Report
8:52:57 PM WP-GC1V7Z9: No Errors To Report
8:53:19 PM WP-GC1BBHY: No Errors To Report
8:53:41 PM WP-GC10P78: No Errors To Report
8:54:04 PM WP-GCZBDD: No Errors To Report
9:03:13 PM WP-GC1VZKN: No Errors To Report
9:03:36 PM WP-GC1V7ZJ: No Errors To Report
9:03:58 PM WP-GC1V7ZG: No Errors To Report
9:04:20 PM WP-GC1V7ZD: No Errors To Report
9:04:43 PM WP-GC1V7Z9: No Errors To Report
9:05:05 PM WP-GC1CA9V: No Errors To Report
9:05:28 PM WP-GC1BBHY: No Errors To Report
9:05:51 PM WP-GC7ED: No Errors To Report
9:06:14 PM WP-GC10XPJ: No Errors To Report
9:06:41 PM WP-GCKH1R: No Errors To Report
9:07:04 PM WP-GC12057: No Errors To Report
9:07:27 PM WP-GC10P78: No Errors To Report
9:07:51 PM WP-GCZBDD: No Errors To Report
9:08:14 PM WP-GCZBJ4: No Errors To Report
9:08:36 PM WP-GCK9TC: No Errors To Report
9:09:01 PM WP-GCHRNE: No Errors To Report
9:09:24 PM WP-GCJF75: No Errors To Report
9:09:46 PM WP-GCD197: No Errors To Report
9:10:09 PM WP-GCZ6HW: No Errors To Report
9:10:31 PM WP-GCHFFM: No Errors To Report
9:10:55 PM WP-GCKJ7H: No Errors To Report
9:11:18 PM WP-GCHFFW: No Errors To Report
9:11:40 PM WP-GCYAVJ: No Errors To Report
9:12:03 PM WP-GCYJRW: No Errors To Report
9:12:25 PM WP-GCYAV9: No Errors To Report
10:28:47 PM WP-GC1YHWW: No Errors To Report
10:29:19 PM WP-GC1YJVC: No Errors To Report
10:29:51 PM WP-GC1YK1Q: No Errors To Report
12:34:06 PM WP-GC1XKN2: No Errors To Report
12:35:33 PM WP-GC1YKBP: No Errors To Report
12:50:13 PM WP-GCFAA6: No Errors To Report
12:50:54 PM WP-GC19B8: No Errors To Report
12:51:43 PM WP-GC2C5E: No Errors To Report
12:52:20 PM WP-GC18B0: No Errors To Report
12:53:14 PM WP-GC18AD: No Errors To Report
12:53:52 PM WP-GC18B5: No Errors To Report
12:54:42 PM WP-GC18B6: No Errors To Report
12:55:23 PM WP-GC230D: No Errors To Report
12:56:13 PM WP-GC230E: No Errors To Report
12:56:50 PM WP-GC12BBK: No Errors To Report
5:05:38 PM WP-GC1YMN1: No Errors To Report
5:05:52 PM WP-GC1YMM0: No Errors To Report
8:53:08 PM WP-GC1YNED: No Errors To Report
8:53:20 PM WP-GC1YK0T: No Errors To Report
8:53:33 PM WP-GC1YNEP: No Errors To Report
8:53:45 PM WP-GC1YQYW: No Errors To Report
8:55:12 PM WP-GC1J0T6: No Errors To Report
8:55:25 PM WP-GC1JH27: No Errors To Report
8:55:37 PM WP-GC1MCRX: No Errors To Report
8:55:49 PM WP-GC1N895: No Errors To Report
8:55:59 PM WP-GC1YC9Q: GPX Was Not Recived - No Other Information available
8:56:10 PM WP-GC1WT2H: No Errors To Report
7:55:14 PM WP-GC1TJC8: No Errors To Report
7:55:30 PM WP-GC1YRCM: No Errors To Report
7:55:44 PM WP-GC1YRNG: No Errors To Report
7:55:59 PM WP-GC1YRMZ: No Errors To Report
7:56:26 PM WP-GC1YRQ3: No Errors To Report
7:56:40 PM WP-GC1YRQ6: No Errors To Report
8:09:22 PM WP-GC1YRQP: No Errors To Report
8:09:36 PM WP-GC1YRQY: No Errors To Report
8:09:49 PM WP-GC1YRR6: No Errors To Report
8:10:02 PM WP-GC1YRRA: No Errors To Report
10:37:07 PM WP-GC1YT48: No Errors To Report
9:34:44 PM WP-GC1YG89: No Errors To Report
9:34:58 PM WP-GC1YNEP: No Errors To Report
11:53:38 AM WP-GC1YX08: No Errors To Report
11:53:54 AM WP-GC1YX2J: No Errors To Report
4:42:19 PM WP-GC1YYH1: No Errors To Report
4:42:34 PM WP-GC1YZAK: No Errors To Report
4:42:49 PM WP-GC1YZ9X: No Errors To Report
6:35:58 PM WP-GC17MR2: No Errors To Report
6:36:12 PM WP-GC1CZFW: No Errors To Report
6:36:25 PM WP-GC1D3JZ: No Errors To Report
6:36:40 PM WP-GC1D6WC: No Errors To Report
6:36:52 PM WP-GC1E2H4: No Errors To Report
6:37:15 PM WP-GC1NKBY: No Errors To Report
5:07:17 PM WP-GC177QB: No Errors To Report
5:12:16 PM WP-GC1Z24Z: No Errors To Report
5:12:27 PM WP-GCGXP4: No Errors To Report
4:17:56 PM WP-GC1Z3TC: No Errors To Report
5:47:10 PM WP-GC1EFRE: No Errors To Report
5:47:26 PM WP-GC1X29C: No Errors To Report
7:16:29 PM WP-GC1Z477: No Errors To Report
7:16:42 PM WP-GC1Z309: No Errors To Report
9:41:37 PM WP-GC1YMN1: No Errors To Report
9:41:53 PM WP-GC1YMM0: No Errors To Report
9:42:07 PM WP-GC1Z477: No Errors To Report
9:42:20 PM WP-GC1YRR6: No Errors To Report
9:42:31 PM WP-GC1YRQY: No Errors To Report
9:42:57 PM WP-GC1YRRA: No Errors To Report
9:43:11 PM WP-GC1YRQP: No Errors To Report
10:38:34 PM WP-GC1YT07: No Errors To Report
11:29:28 AM WP-GCR3RG: No Errors To Report
11:29:45 AM WP-GC146MJ: No Errors To Report
11:33:15 AM WP-GC1Z5EQ: No Errors To Report
11:33:31 AM WP-GC1Z5GW: No Errors To Report
11:43:07 AM WP-GC1YWKN: No Errors To Report
7:18:40 PM WP-GC1NQW2: No Errors To Report
7:18:52 PM WP-GC1VP8F: No Errors To Report
7:19:05 PM WP-GC1X3C9: No Errors To Report
7:19:19 PM WP-GC1Z309: No Errors To Report
7:19:32 PM WP-GC1Y0BX: No Errors To Report
7:19:45 PM WP-GC1KVVK: No Errors To Report
7:19:58 PM WP-GC1FEY1: No Errors To Report
7:53:20 PM WP-GCQQ12: No Errors To Report
7:53:43 PM WP-GCKH1R: No Errors To Report
7:54:19 PM WP-GCD197: No Errors To Report
7:54:44 PM WP-GCZBJ4: No Errors To Report
7:55:07 PM WP-GCZ6HW: No Errors To Report
7:55:44 PM WP-GC1V7ZJ: No Errors To Report
7:56:07 PM WP-GCYAV9: No Errors To Report
7:56:31 PM WP-GCJYN7: No Errors To Report
7:57:09 PM WP-GCKZE6: No Errors To Report
7:57:33 PM WP-GCYAVJ: No Errors To Report
7:57:55 PM WP-GCJFDZ: No Errors To Report
7:58:32 PM WP-GC1V7ZD: No Errors To Report
7:58:55 PM WP-GC1V7ZG: No Errors To Report
7:59:17 PM WP-GC10XPJ: No Errors To Report
7:59:58 PM WP-GC10P73: No Errors To Report
8:00:20 PM WP-GC1VZKN: No Errors To Report
8:00:44 PM WP-GC1CA9V: No Errors To Report
8:01:22 PM WP-GCYAVQ: No Errors To Report
8:01:46 PM WP-GCHRNE: No Errors To Report
8:02:09 PM WP-GCK9TC: No Errors To Report
8:02:46 PM WP-GCYJRW: No Errors To Report
8:03:09 PM WP-GCZ57X: No Errors To Report
8:03:31 PM WP-GC12057: No Errors To Report
8:04:09 PM WP-GC12VMV: No Errors To Report
8:04:34 PM WP-GCHFFM: No Errors To Report
8:04:58 PM WP-GCHFFN: No Errors To Report
8:05:36 PM WP-GCJF75: No Errors To Report
8:06:01 PM WP-GC1PMAP: No Errors To Report
8:06:24 PM WP-GC1E4F8: No Errors To Report
8:07:02 PM WP-GC1QJRB: No Errors To Report
8:07:36 PM WP-GCYAV3: No Errors To Report
8:08:25 PM WP-GCHFFW: No Errors To Report
8:08:59 PM WP-GC7ED: No Errors To Report
8:09:44 PM WP-GCKJ7H: No Errors To Report
8:10:17 PM WP-GC1V7Z9: No Errors To Report
8:11:07 PM WP-GC1BBHY: No Errors To Report
8:11:42 PM WP-GC10P78: No Errors To Report
8:12:29 PM WP-GCZBDD: No Errors To Report
7:37:11 PM WP-GC1Z6V7: No Errors To Report
7:37:25 PM WP-GC1YT07: No Errors To Report
7:37:38 PM WP-GC1Z7E6: No Errors To Report
5:10:44 PM WP-GC1Z7E6: No Errors To Report
4:43:56 PM WP-GC1Z9GA: No Errors To Report
5:30:56 PM WP-GC1YZCT: No Errors To Report
5:31:10 PM WP-GC1YZEG: No Errors To Report
5:31:25 PM WP-GC1YYC3: No Errors To Report
5:31:39 PM WP-GC1YQ3Y: No Errors To Report
5:31:53 PM WP-GC1YYCP: No Errors To Report
5:32:21 PM WP-GC1YHK5: No Errors To Report
5:32:35 PM WP-GC1YGPJ: No Errors To Report
5:32:51 PM WP-GC1YP23: No Errors To Report
5:33:02 PM WP-GC1YATE: No Errors To Report
5:33:15 PM WP-GC1VQNJ: No Errors To Report
5:33:41 PM WP-GC1X09A: No Errors To Report
5:33:54 PM WP-GC1XBC8: No Errors To Report
5:34:06 PM WP-GC1WZKX: No Errors To Report
5:34:19 PM WP-GC1XNV9: No Errors To Report
5:34:31 PM WP-GC1XBDK: No Errors To Report
5:34:59 PM WP-GC1XPXT: No Errors To Report
5:35:11 PM WP-GC1XNVR: No Errors To Report
5:35:22 PM WP-GC1R0VP: No Errors To Report
5:35:34 PM WP-GC1WY9V: No Errors To Report
5:35:57 PM WP-GC1X2GN: No Errors To Report
5:36:35 PM WP-GC1XBGG: No Errors To Report
5:37:00 PM WP-GC1XNVF: No Errors To Report
5:37:22 PM WP-GC1WZKE: No Errors To Report
5:38:00 PM WP-GC1VWNN: No Errors To Report
9:10:05 PM WP-GC1ZCZB: No Errors To Report
10:29:35 PM WP-GC1ZAXR: No Errors To Report
7:45:06 PM WP-GC1Z6V7: No Errors To Report
7:45:19 PM WP-GC19DJ3: No Errors To Report
7:45:31 PM WP-GC1G1BC: No Errors To Report
7:45:45 PM WP-GC1G1TX: No Errors To Report
7:45:57 PM WP-GC1YHWW: No Errors To Report
7:46:10 PM WP-GCTJD9: No Errors To Report
7:46:21 PM WP-GC1YKBP: No Errors To Report
7:46:33 PM WP-GC1NGRB: No Errors To Report
7:46:45 PM WP-GC1QCNG: No Errors To Report
8:29:55 PM WP-GC1ZFMD: No Errors To Report
8:30:08 PM WP-GC1ZFR9: No Errors To Report
8:39:04 PM WP-GC1N85J: No Errors To Report
8:39:18 PM WP-GC1ZFJ3: No Errors To Report
8:39:33 PM WP-GC1ZFNC: No Errors To Report
4:57:46 PM WP-GC1ZH1N: No Errors To Report
4:57:59 PM WP-GC1ZH4F: No Errors To Report
9:03:14 PM WP-GC1ZJ09: No Errors To Report
4:18:47 PM WP-GC1ZK2H: No Errors To Report
4:19:02 PM WP-GC1ZK1J: No Errors To Report
9:12:46 PM WP-GC1ZFJ3: No Errors To Report
9:13:00 PM WP-GC1ZH1N: No Errors To Report
9:13:16 PM WP-GC1Z7E6: No Errors To Report
9:13:32 PM WP-GC1ZFNC: No Errors To Report
7:19:15 PM WP-GC1ZQB1: No Errors To Report
7:24:22 PM WP-GC1ZQB1: No Errors To Report
9:29:49 PM WP-GC1ZQX3: No Errors To Report
8:05:48 PM WP-GC1A391: No Errors To Report
5:16:00 PM WP-GC1R5FH: No Errors To Report
5:16:14 PM WP-GC1RETJ: No Errors To Report
5:16:29 PM WP-GC1RDHD: No Errors To Report
5:16:43 PM WP-GC1REVE: No Errors To Report
5:16:54 PM WP-GC1ZDK6: GPX Was Not Recived - No Other Information available
4:50:15 PM WP-GC1ZXPP: No Errors To Report
7:21:17 PM WP-GC1Y721: No Errors To Report
12:36:17 PM WP-GC1RKEE: No Errors To Report
12:36:32 PM WP-GC1Y6Q3: No Errors To Report
12:36:51 PM WP-GC1YX64: No Errors To Report
12:37:04 PM WP-GC1YX6B: No Errors To Report
12:37:34 PM WP-GC1YX4X: No Errors To Report
12:37:53 PM WP-GC1RG28: No Errors To Report
12:38:07 PM WP-GCQZH0: No Errors To Report
12:38:22 PM WP-GC1W204: No Errors To Report
5:09:19 PM WP-GC200JN: No Errors To Report
5:09:33 PM WP-GC1ZV0M: No Errors To Report
5:09:47 PM WP-GC1ZV0H: No Errors To Report
5:10:01 PM WP-GC1ZV05: No Errors To Report
5:10:12 PM WP-GC1ZV01: No Errors To Report
5:10:39 PM WP-GC1ZTZZ: No Errors To Report
5:10:53 PM WP-GC1ZZBX: No Errors To Report
5:40:42 PM WP-GC20196: No Errors To Report
5:40:56 PM WP-GC201AH: No Errors To Report
5:41:09 PM WP-GC201DM: No Errors To Report
5:41:23 PM WP-GC1VM43: No Errors To Report
5:41:36 PM WP-GC200PT: No Errors To Report
5:42:01 PM WP-GC201E1: No Errors To Report
5:08:12 PM WP-HOME: The GPX Download Button Was Not Found! Are You A Premium Member?
5:08:28 PM WP-GC1H4M8: No Errors To Report
5:08:43 PM WP-GC1KBG7: No Errors To Report
5:08:58 PM WP-GC1Q2A1: No Errors To Report
5:09:23 PM WP-GC1YNED: No Errors To Report
5:09:39 PM WP-GC1VADY: No Errors To Report
5:09:53 PM WP-GC1VMYK: No Errors To Report
5:10:06 PM WP-GC1TF5K: No Errors To Report
5:10:18 PM WP-GC1X2ZG: No Errors To Report
5:10:44 PM WP-GC1XGYA: No Errors To Report
5:10:59 PM WP-GC1XPHW: No Errors To Report
5:11:14 PM WP-GC1Z0VB: No Errors To Report
5:11:27 PM WP-GC1Z0VY: No Errors To Report
5:11:39 PM WP-GC1Z0W2: No Errors To Report
5:12:05 PM WP-GC1Z0VG: No Errors To Report
5:12:18 PM WP-GC1Z0JC: No Errors To Report
5:12:30 PM WP-GC1YZFD: No Errors To Report
5:12:41 PM WP-GC1YZEA: No Errors To Report
5:12:54 PM WP-GC1YZF5: No Errors To Report
5:13:24 PM WP-GC1YZJ7: No Errors To Report
5:13:50 PM WP-GC1H4M8: No Errors To Report
5:14:14 PM WP-GC1KBG7: No Errors To Report
5:14:51 PM WP-GC1Q2A1: No Errors To Report
5:15:14 PM WP-GC1YNED: No Errors To Report
5:15:36 PM WP-GC1VADY: No Errors To Report
5:16:15 PM WP-GC1VMYK: No Errors To Report
5:23:37 PM WP-GC1ZV0H: No Errors To Report
5:24:01 PM WP-GC202VM: No Errors To Report
4:04:32 PM WP-GC1ZTCB: No Errors To Report
4:04:59 PM WP-GCZPRB: No Errors To Report
6:46:48 AM WP-GC206JJ: No Errors To Report
6:46:59 AM WP-GC206KH: No Errors To Report
10:25:36 PM WP-GC1TXAG: No Errors To Report
10:25:50 PM WP-GC1TZ63: No Errors To Report
10:26:03 PM WP-GC1QPBX: No Errors To Report
10:26:18 PM WP-GC1MNGG: No Errors To Report
10:26:31 PM WP-GC1Q98G: No Errors To Report
10:26:58 PM WP-GC1W0PW: No Errors To Report
10:27:11 PM WP-GCCF2A: No Errors To Report
11:47:01 AM WP-GC207KP: No Errors To Report
11:47:18 AM WP-GC207K5: No Errors To Report
11:47:34 AM WP-GC207PX: No Errors To Report
11:47:47 AM WP-GC207Q6: No Errors To Report
11:48:17 AM WP-GC207QD: No Errors To Report
7:43:00 PM WP-GC20BYZ: No Errors To Report
9:12:09 PM WP-GC1M6XY: No Errors To Report
9:12:21 PM WP-GC1M6XZ: No Errors To Report
9:12:33 PM WP-GC1M5EJ: No Errors To Report
9:12:45 PM WP-GC1A391: No Errors To Report
9:12:58 PM WP-GC1T0ZC: No Errors To Report
9:13:12 PM WP-GC1G8MQ: No Errors To Report
9:13:25 PM WP-GC1F0X9: No Errors To Report
9:13:37 PM WP-GC1M4VF: No Errors To Report
10:18:18 PM WP-GC20CVM: No Errors To Report
10:18:31 PM WP-GC20D41: No Errors To Report
2:57:47 PM WP-GC20BYZ: No Errors To Report
2:57:58 PM WP-GC20D41: No Errors To Report
3:43:55 PM WP-GCQQ12: No Errors To Report
3:44:08 PM WP-GCKH1R: No Errors To Report
3:44:23 PM WP-GCD197: No Errors To Report
3:44:38 PM WP-GCZBJ4: No Errors To Report
3:44:49 PM WP-GCZ6HW: No Errors To Report
3:45:15 PM WP-GC1V7ZJ: No Errors To Report
3:45:29 PM WP-GCYAV9: No Errors To Report
3:45:45 PM WP-GCJYN7: No Errors To Report
3:45:59 PM WP-GCKZE6: No Errors To Report
3:46:11 PM WP-GCYAVJ: No Errors To Report
3:46:38 PM WP-GCJFDZ: No Errors To Report
3:46:53 PM WP-GC1V7ZD: No Errors To Report
3:47:05 PM WP-GC1V7ZG: No Errors To Report
3:47:17 PM WP-GC10XPJ: No Errors To Report
3:47:28 PM WP-GC10P73: No Errors To Report
3:47:55 PM WP-GC1VZKN: No Errors To Report
3:48:18 PM WP-GC1CA9V: No Errors To Report
3:48:41 PM WP-GCYAVQ: No Errors To Report
3:49:20 PM WP-GCHRNE: No Errors To Report
3:49:43 PM WP-GCK9TC: No Errors To Report
3:50:06 PM WP-GCYJRW: No Errors To Report
3:50:43 PM WP-GCZ57X: No Errors To Report
3:51:05 PM WP-GC12057: No Errors To Report
3:51:29 PM WP-GC12VMV: No Errors To Report
3:52:04 PM WP-GCHFFM: No Errors To Report
3:52:27 PM WP-GCHFFN: No Errors To Report
3:52:50 PM WP-GCJF75: No Errors To Report
3:53:27 PM WP-GC1PMAP: No Errors To Report
3:53:49 PM WP-GC1E4F8: No Errors To Report
3:54:11 PM WP-GC1QJRB: No Errors To Report
3:54:48 PM WP-GCYAV3: No Errors To Report
3:55:11 PM WP-GCHFFW: No Errors To Report
3:55:34 PM WP-GC7ED: No Errors To Report
3:56:10 PM WP-GCKJ7H: No Errors To Report
3:56:33 PM WP-GC1V7Z9: No Errors To Report
3:56:55 PM WP-GC1BBHY: No Errors To Report
3:57:30 PM WP-GC10P78: No Errors To Report
3:57:53 PM WP-GCZBDD: No Errors To Report
4:48:57 PM WP-GC20FKQ: No Errors To Report
4:49:21 PM WP-GC20FRF: No Errors To Report
4:49:43 PM WP-GC20FTT: No Errors To Report
9:26:29 PM WP-GC1ZTCB: No Errors To Report
9:26:45 PM WP-GC1ZQX3: No Errors To Report
9:27:01 PM WP-GC1HFAZ: No Errors To Report
9:27:15 PM WP-GC1Q9PP: No Errors To Report
5:33:22 PM WP-GC20HMD: No Errors To Report
6:31:23 PM WP-GC20HMD: No Errors To Report
5:42:15 PM WP-GC209B9: No Errors To Report
5:42:28 PM WP-GC1ZT1J: No Errors To Report
9:29:44 PM WP-GC20KWJ: No Errors To Report
9:29:58 PM WP-GC20MQ5: No Errors To Report
8:43:11 PM WP-GC20FV5: No Errors To Report
3:34:56 PM WP-GC20Q80: No Errors To Report
3:35:08 PM WP-GC20QAD: No Errors To Report
5:28:44 PM WP-GC20TD3: No Errors To Report
5:28:55 PM WP-GC20T6C: No Errors To Report
5:29:07 PM WP-GC8A9: No Errors To Report
5:29:19 PM WP-GC206EV: No Errors To Report
9:25:53 PM WP-GC20WQF: No Errors To Report
9:26:07 PM WP-GC20WRG: No Errors To Report
9:26:22 PM WP-GC20WRJ: No Errors To Report
9:26:37 PM WP-GC20X0X: No Errors To Report
9:26:50 PM WP-GC20JR5: No Errors To Report
7:16:17 PM WP-GC20TN7: No Errors To Report
7:16:30 PM WP-GC20X8K: No Errors To Report
7:16:43 PM WP-GC20X8P: No Errors To Report
7:16:57 PM WP-GC20X8C: No Errors To Report
7:17:22 AM WP-GC20YZW: No Errors To Report
7:17:35 AM WP-GC20X1M: No Errors To Report
