==============================
10/15/2008 16:26:44
1 C:\apps\pgms\GSAK\Macros\BackupMacro.gsk
  Disabled
  Macro not scheduled to run!

==============================
10/15/2008 16:29:57
1 C:\apps\pgms\GSAK\Macros\BackupMacro.gsk
  Disabled
  Macro not scheduled to run!

==============================
10/15/2008 16:30:37
1 C:\apps\pgms\GSAK\Macros\BackupMacro.gsk
  Enabled
  Should run once a day: OK to run now
  Should run every weekday
  Start Macro now!

==============================
10/20/2008 20:43:45
1 C:\apps\pgms\GSAK\Macros\BackupMacro.gsk
  Enabled
  Should run once a day: OK to run now
  Should run every weekday
  Start Macro now!

==============================
10/23/2008 19:21:02
1 C:\apps\pgms\GSAK\Macros\BackupMacro.gsk
  Conditions setting: C:\apps\pgms\GSAK\Macros\BackupMacro.gsk|TrueEnabled|Don't care|True|20081020|False||False|Archived|NONE |0|0|False
  Enabled
  Should run once a day: OK to run now
  Should run every weekday
  Start Macro now!

==============================
10/28/2008 17:37:37
1 C:\apps\pgms\GSAK\Macros\BackupMacro.gsk
  Conditions setting: C:\apps\pgms\GSAK\Macros\BackupMacro.gsk|TrueEnabled|Don't care|True|20081023|False||False|Archived|NONE |0|0|False
  Enabled
  Should run once a day:   OK to run now
  Should run every weekday
  No boolean expression required, run now.
  Start Macro now!

